<?xml version="1.0" encoding="UTF-8"?>
<!-- Generated by org.testng.reporters.JUnitReportReporter -->
<testsuite hostname="LAPTOP-DQRC801U" failures="0" tests="2" name="com.TestCases.RegisterTestCases" time="70.677" errors="0" timestamp="2024-02-07T22:32:55 IST" skipped="0">
  <testcase classname="com.TestCases.RegisterTestCases" name="verifyInalidRegistration" time="60.463"/>
  <testcase classname="com.TestCases.RegisterTestCases" name="verifyValidRegistration" time="10.214"/>
</testsuite> <!-- com.TestCases.RegisterTestCases -->
