<?xml version="1.0" encoding="UTF-8"?>
<!-- Generated by org.testng.reporters.JUnitReportReporter -->
<testsuite hostname="LAPTOP-DQRC801U" failures="0" tests="2" name="com.TestCases.LoginTestCases" time="26.114" errors="0" timestamp="2024-02-02T20:08:15 IST" skipped="0">
  <testcase classname="com.TestCases.LoginTestCases" name="verifyValidLogin" time="15.890"/>
  <testcase classname="com.TestCases.LoginTestCases" name="verifyInvalidLogin" time="10.224"/>
</testsuite> <!-- com.TestCases.LoginTestCases -->
