<?xml version="1.0" encoding="UTF-8"?>
<!-- Generated by org.testng.reporters.JUnitReportReporter -->
<testsuite hostname="LAPTOP-DQRC801U" failures="0" tests="2" name="com.TestCases.RegisterTestCases" time="41.889" errors="0" timestamp="2024-02-02T20:08:15 IST" skipped="0">
  <testcase classname="com.TestCases.RegisterTestCases" name="verifyValidRegistration" time="22.614"/>
  <testcase classname="com.TestCases.RegisterTestCases" name="verifyInalidRegistration" time="19.275"/>
</testsuite> <!-- com.TestCases.RegisterTestCases -->
